Generated with dvr3dscan
     Program DVR3DRJZ (version of November 2002)

     Full triatomic vibrational problem with

        60   radial r1 dvr points used,
        50   radial r2 dvr points used,
        50   angular dvr points used, with
        60   lowest eigenvectors chosen from
      4000   maximum dimension secular problem

     Title:  N2O: JACOBI NON-SYMMETRISED COORDINATES, MASSES 14.003074 15.994915 NUC

     Morse oscillators used for r1 basis
     Morse oscillators used for r2 basis

     Quadrature approximation used for the r2**(-2) terms

     Problem solved in the order: r1 -> r2 -> theta
     final basis comprises 4000 lowest functions

     Printing of L-matrix not requested
     Printing of hamiltonian matrix not requested
     Printing of radial matrix elements not requested
     Printing of eigenvectors not requested

     Eigenvalues & vectors   written to stream IOUT2 =  25
     Restart information     written to stream IOUT1 =  24
     Wavefunction amplitudes written to stream IWAVE =  26
     Wavefunctions for dipole written to stream IDIP =  69
     Wavefunctions for expect written to stream IDIPD =  70

     Eigenvalues      written to start of stream ilev =  14

     Calculation performed in scattering coordinates

     Diatomic assumed hetronuclear

     J =  0 rotational state

     Routine DSYEV to do in core diagonalisation


     First cut-off energy in wavenumbers:  0.10005000D+08


     Vibrational nuclear mass in AMU:   14.003074   15.994915   14.003074

     Morse function parameters for r1 basis
     r equilibrium =  5.0000 bohr, dissociation energy  0.2000000D+00 hartree &  vibrational frequency =  0.1350000D-01 hartree

     Constants used to construct morse oscillators:
     reduced mass =   0.1361047D+05 a.u., beta =  2.4902 (1/bohr), a =   0.5925926D+02 and u =   59

     Morse function parameters for r2 basis
     r equilibrium =  0.3500 bohr, dissociation energy  0.2000000D+00 hartree &  vibrational frequency =  0.3050000D-01 hartree

     Constants used to construct morse oscillators:
     reduced mass =   0.1740253D+05 a.u., beta =  6.3617 (1/bohr), a =   0.2622951D+02 and u =   26

      60 POINT GAUSS-LAGUERRE INTEGRATION
     INTEGRATION POINTS           WEIGHTS         CORRESPONDING R1

     12.662089699903063       0.990256387637D+16      5.61974
     15.064856448351422       0.115180353652D+18      5.54997
     17.293824660661141       0.835672564787D+18      5.49456
     19.477329878015457       0.466846773749D+19      5.44681
     21.661668136496967       0.218762064324D+20      5.40413
     23.869702596735053       0.900136094202D+20      5.36515
     26.114768510650457       0.334525821029D+21      5.32905
     28.405544680781794       0.114439996876D+22      5.29529
     30.748158506943927       0.365297033704D+22      5.26347
     33.147227667619305       0.109910880878D+23      5.23330
     35.606427761501507       0.314173704578D+23      5.20456
     38.128825095077126       0.858503811361D+23      5.17707
     40.717083508511081       0.225402206447D+24      5.15070
     43.373599342872446       0.571002240208D+24      5.12532
     46.100593355450698       0.140058750162D+25      5.10083
     48.900175812470650       0.333639205903D+25      5.07716
     51.774394346549457       0.773854160296D+25      5.05422
     54.725270479253190       0.175158552398D+26      5.03196
     57.754828575170990       0.387658743107D+26      5.01033
     60.865119714894149       0.840371364176D+26      4.98926
     64.058242185245859       0.178719393326D+27      4.96873
     67.336359787220985       0.373385318045D+27      4.94869
     70.701718843112829       0.767318778867D+27      4.92910
     74.156664578900262       0.155283601979D+28      4.90995
     77.703657427222254       0.309786216750D+28      4.89118
     81.345289716581590       0.609823645087D+28      4.87279
     85.084303169440901       0.118560367072D+29      4.85474
     88.923607617018718       0.227839059931D+29      4.83702
     92.866301347082256       0.433118810091D+29      4.81960
     96.915693530769587       0.815066164703D+29      4.80246
    101.075329225452819       0.151944567994D+30      4.78558
    105.349017524728040       0.280781807329D+30      4.76895
    109.740863527527381       0.514656015504D+30      4.75255
    114.255304931984895       0.936251169119D+30      4.73636
    118.897154234673806       0.169141469298D+31      4.72037
    123.671647744356150       0.303626547706D+31      4.70456
    128.584502918617773       0.541885136163D+31      4.68892
    133.641985925893152       0.962048798540D+31      4.67343
    138.850991858769277       0.170002255841D+32      4.65807
    144.219140726417010       0.299177303537D+32      4.64284
    149.754893306285169       0.524654842895D+32      4.62771
    155.467692243797842       0.917389391502D+32      4.61268
    161.368135612906684       0.160046256487D+33      4.59772
    167.468192733651421       0.278768204613D+33      4.58282
    173.781475766144013       0.485136345374D+33      4.56796
    180.323586072377054       0.844216613277D+33      4.55312
    187.112562556521397       0.147027547732D+34      4.53828
    194.169471846074117       0.256527400775D+34      4.52341
    201.519200197342059       0.448911307437D+34      4.50850
    209.191539708169074       0.788984385498D+34      4.49349
    217.222716804817253       0.139497240279D+35      4.47836
    225.657608834999166       0.248613759461D+35      4.46306
    234.553076403691364       0.447769956936D+35      4.44754
    243.983197754943006       0.817731160827D+35      4.43171
    254.047953244461894       0.152120300088D+36      4.41548
    264.888683377508585       0.290183205178D+36      4.39870
    276.718317039361068       0.573536991363D+36      4.38115
    289.888913323442637       0.119573850937D+37      4.36248
    305.077332520946584       0.272825981948D+37      4.34197
    324.036185053634028       0.757827682566D+37      4.31776

     COMPUTED SUM OF POINTS     0.714000000000000D+04 & WEIGHTS     0.100000000000005D+01
     EXACT    SUM OF POINTS     0.714000000000000D+04 & WEIGHTS     0.100000000000000D+01

      50 POINT GAUSS-LAGUERRE INTEGRATION
     INTEGRATION POINTS           WEIGHTS         CORRESPONDING R2

      4.042733062575424       0.287774321344D+04      0.64394
      5.370336993421537       0.165798132077D+05      0.59930
      6.693889859545682       0.664797173390D+05      0.56467
      8.064223919924887       0.217469480063D+06      0.53540
      9.499080927228166       0.620070514375D+06      0.50966
     11.007184782673754       0.159728988781D+07      0.48649
     12.593773452671213       0.380099210003D+07      0.46533
     14.262481323599683       0.848252099367D+07      0.44577
     16.016131683717955       0.179458654889D+08      0.42754
     17.857120575307295       0.362856202827D+08      0.41044
     19.787623069639782       0.705603413463D+08      0.39430
     21.809713945371620       0.132620041505D+09      0.37901
     23.925443888480157       0.241901823300D+09      0.36445
     26.136891312508475       0.429639888229D+09      0.35056
     28.446200365591430       0.745118766759D+09      0.33725
     30.855611042328810       0.126484970518D+10      0.32447
     33.367484919235373       0.210589433748D+10      0.31216
     35.984328740311440       0.344503059097D+10      0.30030
     38.708817365004350       0.554609905631D+10      0.28882
     41.543817195517313       0.879874671870D+10      0.27771
     44.492410991998355       0.137729858006D+11      0.26694
     47.557924893574253       0.212956289287D+11      0.25646
     50.743958454616582       0.325569160102D+11      0.24627
     54.054418561894884       0.492587493791D+11      0.23634
     57.493558213917588       0.738202366944D+11      0.22664
     61.066021321802729       0.109662183949D+12      0.21716
     64.776894942006066       0.161600473467D+12      0.20789
     68.631770693858485       0.236389908792D+12      0.19880
     72.636817578103219       0.343476590779D+12      0.18989
     76.798869039598671       0.496040416627D+12      0.18113
     81.125527971835254       0.712443208380D+12      0.17252
     85.625294537731193       0.101824741269D+13      0.16403
     90.307723323226270       0.144904328400D+13      0.15566
     95.183618666440225       0.205443171702D+13      0.14739
    100.265280357896017       0.290367612716D+13      0.13922
    105.566816833781701       0.409379436527D+13      0.13112
    111.104550381844462       0.576126917453D+13      0.12308
    116.897550262424261       0.809921590038D+13      0.11509
    122.968347653311199       0.113829452635D+14      0.10714
    129.343915723397515       0.160087473653D+14      0.09919
    136.057047907759738       0.225540890006D+14      0.09124
    143.148355357867587       0.318736817634D+14      0.08325
    150.669267758385615       0.452581610773D+14      0.07520
    158.686743543210383       0.647077581835D+14      0.06705
    167.291078727634101       0.934312204187D+14      0.05875
    176.609795060227754       0.136824504270D+15      0.05023
    186.834774849611193       0.204593977530D+15      0.04138
    198.282834473870594       0.316091097313D+15      0.03204
    211.562070114405799       0.517284503359D+15      0.02185
    228.243873379114063       0.966551530365D+15      0.00992

     COMPUTED SUM OF POINTS     0.380000000000000D+04 & WEIGHTS     0.100000000000000D+01
     EXACT    SUM OF POINTS     0.380000000000000D+04 & WEIGHTS     0.100000000000000D+01


      50 point Gauss-associated Legendre integration with k =  0

     integration points           weights

      0.998866404420071       0.290862255306D-02
      0.994031969432091       0.675979917695D-02
      0.985354084048006       0.105905483769D-01
      0.972864385106692       0.143808227599D-01
      0.956610955242808       0.181155607135D-01
      0.936656618944878       0.217802431701D-01
      0.913078556655792       0.253606735700D-01
      0.885967979523613       0.288429935805D-01
      0.855429769429946       0.322137282236D-01
      0.821582070859336       0.354598356151D-01
      0.784555832900399       0.385687566126D-01
      0.744494302226068       0.415284630901D-01
      0.701552468706822       0.443275043388D-01
      0.655896465685439       0.469550513039D-01
      0.607702927184950       0.494009384495D-01
      0.557158304514650       0.516557030696D-01
      0.504458144907464       0.537106218890D-01
      0.449806334974039       0.555577448062D-01
      0.393414311897565       0.571899256477D-01
      0.335500245419437       0.586008498132D-01
      0.276288193779532       0.597850587043D-01
      0.216007236876042       0.607379708418D-01
      0.154890589998146       0.614558995903D-01
      0.093174701560086       0.619360674207D-01
      0.031098338327189       0.621766166553D-01

    Computed sum of weights 0.199999999994524D+01
    Exact    sum of weights 0.200000000000000D+01



      sum = *****


     Selection outcome for the final, contracted basis:

     npntc =  1, no. of eigenvectors = 18
     npntc =  2, no. of eigenvectors = 18
     npntc =  3, no. of eigenvectors = 18
     npntc =  4, no. of eigenvectors = 18
     npntc =  5, no. of eigenvectors = 19
     npntc =  6, no. of eigenvectors = 20
     npntc =  7, no. of eigenvectors = 20
     npntc =  8, no. of eigenvectors = 20
     npntc =  9, no. of eigenvectors = 21
     npntc = 10, no. of eigenvectors = 21
     npntc = 11, no. of eigenvectors = 23
     npntc = 12, no. of eigenvectors = 24
     npntc = 13, no. of eigenvectors = 25
     npntc = 14, no. of eigenvectors = 28
     npntc = 15, no. of eigenvectors = 31
     npntc = 16, no. of eigenvectors = 34
     npntc = 17, no. of eigenvectors = 36
     npntc = 18, no. of eigenvectors = 40
     npntc = 19, no. of eigenvectors = 47
     npntc = 20, no. of eigenvectors = 53
     npntc = 21, no. of eigenvectors = 61
     npntc = 22, no. of eigenvectors = 69
     npntc = 23, no. of eigenvectors = 76
     npntc = 24, no. of eigenvectors = 84
     npntc = 25, no. of eigenvectors = 89
     npntc = 26, no. of eigenvectors = 95
     npntc = 27, no. of eigenvectors = 99
     npntc = 28, no. of eigenvectors =105
     npntc = 29, no. of eigenvectors =108
     npntc = 30, no. of eigenvectors =112
     npntc = 31, no. of eigenvectors =118
     npntc = 32, no. of eigenvectors =120
     npntc = 33, no. of eigenvectors =123
     npntc = 34, no. of eigenvectors =126
     npntc = 35, no. of eigenvectors =129
     npntc = 36, no. of eigenvectors =130
     npntc = 37, no. of eigenvectors =132
     npntc = 38, no. of eigenvectors =131
     npntc = 39, no. of eigenvectors =133
     npntc = 40, no. of eigenvectors =134
     npntc = 41, no. of eigenvectors =133
     npntc = 42, no. of eigenvectors =133
     npntc = 43, no. of eigenvectors =131
     npntc = 44, no. of eigenvectors =130
     npntc = 45, no. of eigenvectors =130
     npntc = 46, no. of eigenvectors =128
     npntc = 47, no. of eigenvectors =127
     npntc = 48, no. of eigenvectors =127
     npntc = 49, no. of eigenvectors =127
     npntc = 50, no. of eigenvectors =126

          4000 eigenvalues selected from     0.9753086403D-02 to    0.1381074326D+00 hartrees

          4000 eigenvalues selected from     0.2140554971D+04 to    0.3031107683D+05 cm-1

     lowest  60 eigenvalues in hartrees:

      0.125543671239D-01      0.182107256350D-01      0.206191160031D-01      0.225227745803D-01      0.239138209578D-01

      0.263232776088D-01      0.281030694705D-01      0.284585400757D-01      0.296860391468D-01      0.305602368857D-01

      0.320428552615D-01      0.322957157936D-01      0.337523942446D-01      0.341583408112D-01      0.357179009280D-01

      0.360359870091D-01      0.362211573335D-01      0.377844565553D-01      0.378390708800D-01      0.383011007774D-01

      0.394948109361D-01      0.398879290529D-01      0.402890971744D-01      0.416606145740D-01      0.418823915546D-01

      0.419195159809D-01      0.424548834438D-01      0.433768714758D-01      0.434054636737D-01      0.439315326178D-01

      0.440333958743D-01      0.454991007373D-01      0.457454275877D-01      0.457988395897D-01      0.459091809209D-01

      0.472555839704D-01      0.473255911341D-01      0.477044042113D-01      0.479452039878D-01      0.490034536085D-01

      0.491194607279D-01      0.496175093823D-01      0.498023071349D-01      0.500738453704D-01      0.505318079456D-01

      0.512096130768D-01      0.512512416282D-01      0.513308478613D-01      0.515523972894D-01      0.521342396175D-01

      0.524791833797D-01      0.527961139719D-01      0.529896667776D-01      0.532938315049D-01      0.534971080783D-01

      0.539331727138D-01      0.546858268600D-01      0.551549937322D-01      0.552619998831D-01      0.553874630790D-01



     Lowest  60 eigenvalues in wavenumbers:

      0.275536500408D+04      0.399679216152D+04      0.452537273199D+04      0.494317748246D+04      0.524847686313D+04

      0.577729145564D+04      0.616791060529D+04      0.624592738271D+04      0.651533227980D+04      0.670719649984D+04

      0.703259361041D+04      0.708809008060D+04      0.740779403594D+04      0.749688900599D+04      0.783917287624D+04

      0.790898469929D+04      0.794962488662D+04      0.829272939551D+04      0.830471585390D+04      0.840611969191D+04

      0.866810878015D+04      0.875438823103D+04      0.884243445366D+04      0.914344771923D+04      0.919212213868D+04

      0.920027000818D+04      0.931776958080D+04      0.952012255744D+04      0.952639781933D+04      0.964185660303D+04

      0.966421300295D+04      0.998589802665D+04      0.100399605195D+05      0.100516830986D+05      0.100759002208D+05

      0.103714015238D+05      0.103867663197D+05      0.104699061774D+05      0.105227556178D+05      0.107550145554D+05

      0.107804751743D+05      0.108897842155D+05      0.109303426328D+05      0.109899383849D+05      0.110904495489D+05

      0.112392105752D+05      0.112483469859D+05      0.112658185339D+05      0.113144430114D+05      0.114421426376D+05

      0.115178490401D+05      0.115874072627D+05      0.116298871919D+05      0.116966436311D+05      0.117412576806D+05

      0.118369628025D+05      0.120021512882D+05      0.121051215111D+05      0.121286066458D+05      0.121561426336D+05



  Band origins in wavenumbers:

    1241.427157    1770.007728    2187.812478    2493.111859    3021.926452

    3412.545601    3490.562379    3759.967276    3951.831496    4277.228606

    4332.725077    4652.429032    4741.524002    5083.807872    5153.619695

    5194.259883    5537.364391    5549.350850    5650.754688    5912.743776

    5999.023227    6087.069450    6388.082715    6436.757135    6444.905004

    6562.404577    6764.757553    6771.032815    6886.491599    6908.847999

    7230.533023    7284.595515    7296.318095    7320.535217    7616.036520

    7631.401316    7714.541173    7767.390614    7999.649551    8025.110170

    8134.419211    8174.977629    8234.573381    8335.084545    8483.845571

    8492.981982    8510.453530    8559.078007    8686.777634    8762.484036

    8832.042259    8874.522188    8941.278627    8985.892677    9081.597798

    9246.786284    9349.756507    9373.241642    9400.777630

       300 secs CPU time used

